# JRE version: OpenJDK Runtime Environment (8.0_152-b06) (build 1.8.0_152-release-1136-b06)
# Java VM: OpenJDK 64-Bit Server VM (25.152-b06 mixed mode linux-amd64 compressed oops)
Heap:
 PSYoungGen      total 314368K, used 0K [0x00000000eab00000, 0x0000000100000000, 0x0000000100000000)
  eden space 279552K, 0% used [0x00000000eab00000,0x00000000eab00000,0x00000000fbc00000)
  from space 34816K, 0% used [0x00000000fbc00000,0x00000000fbc00000,0x00000000fde00000)
  to   space 34816K, 0% used [0x00000000fde00000,0x00000000fde00000,0x0000000100000000)
 ParOldGen       total 151552K, used 150532K [0x00000000c0000000, 0x00000000c9400000, 0x00000000eab00000)
  object space 151552K, 99% used [0x00000000c0000000,0x00000000c93011e8,0x00000000c9400000)
 Metaspace       used 80004K, capacity 83594K, committed 84480K, reserved 1122304K
  class space    used 10523K, capacity 11342K, committed 11520K, reserved 1048576K
GC Heap History (10 events):
Event: 47,221 GC heap after
Heap after GC invocations=24 (full 3):
 PSYoungGen      total 238080K, used 5552K [0x00000000eab00000, 0x00000000fe180000, 0x0000000100000000)
  eden space 221184K, 0% used [0x00000000eab00000,0x00000000eab00000,0x00000000f8300000)
  from space 16896K, 32% used [0x00000000f8300000,0x00000000f886c160,0x00000000f9380000)
  to   space 16384K, 0% used [0x00000000fd180000,0x00000000fd180000,0x00000000fe180000)
 ParOldGen       total 138752K, used 56257K [0x00000000c0000000, 0x00000000c8780000, 0x00000000eab00000)
  object space 138752K, 40% used [0x00000000c0000000,0x00000000c36f0778,0x00000000c8780000)
 Metaspace       used 78459K, capacity 82030K, committed 82304K, reserved 1120256K
  class space    used 10444K, capacity 11290K, committed 11392K, reserved 1048576K
}
Event: 49,381 GC heap before
{Heap before GC invocations=25 (full 3):
 PSYoungGen      total 238080K, used 226736K [0x00000000eab00000, 0x00000000fe180000, 0x0000000100000000)
  eden space 221184K, 100% used [0x00000000eab00000,0x00000000f8300000,0x00000000f8300000)
  from space 16896K, 32% used [0x00000000f8300000,0x00000000f886c160,0x00000000f9380000)
  to   space 16384K, 0% used [0x00000000fd180000,0x00000000fd180000,0x00000000fe180000)
 ParOldGen       total 138752K, used 56257K [0x00000000c0000000, 0x00000000c8780000, 0x00000000eab00000)
  object space 138752K, 40% used [0x00000000c0000000,0x00000000c36f0778,0x00000000c8780000)
 Metaspace       used 78998K, capacity 82640K, committed 82816K, reserved 1120256K
  class space    used 10453K, capacity 11297K, committed 11392K, reserved 1048576K
Event: 49,423 GC heap after
Heap after GC invocations=25 (full 3):
 PSYoungGen      total 293376K, used 8086K [0x00000000eab00000, 0x00000000fdd00000, 0x0000000100000000)
  eden space 281600K, 0% used [0x00000000eab00000,0x00000000eab00000,0x00000000fbe00000)
  from space 11776K, 68% used [0x00000000fd180000,0x00000000fd965928,0x00000000fdd00000)
  to   space 15872K, 0% used [0x00000000fbe00000,0x00000000fbe00000,0x00000000fcd80000)
 ParOldGen       total 138752K, used 56783K [0x00000000c0000000, 0x00000000c8780000, 0x00000000eab00000)
  object space 138752K, 40% used [0x00000000c0000000,0x00000000c3773cb8,0x00000000c8780000)
 Metaspace       used 78998K, capacity 82640K, committed 82816K, reserved 1120256K
  class space    used 10453K, capacity 11297K, committed 11392K, reserved 1048576K
}
Event: 52,308 GC heap before
{Heap before GC invocations=26 (full 3):
 PSYoungGen      total 293376K, used 289686K [0x00000000eab00000, 0x00000000fdd00000, 0x0000000100000000)
  eden space 281600K, 100% used [0x00000000eab00000,0x00000000fbe00000,0x00000000fbe00000)
  from space 11776K, 68% used [0x00000000fd180000,0x00000000fd965928,0x00000000fdd00000)
  to   space 15872K, 0% used [0x00000000fbe00000,0x00000000fbe00000,0x00000000fcd80000)
 ParOldGen       total 138752K, used 56783K [0x00000000c0000000, 0x00000000c8780000, 0x00000000eab00000)
  object space 138752K, 40% used [0x00000000c0000000,0x00000000c3773cb8,0x00000000c8780000)
 Metaspace       used 79798K, capacity 83480K, committed 83584K, reserved 1122304K
  class space    used 10519K, capacity 11385K, committed 11392K, reserved 1048576K
Event: 52,368 GC heap after
Heap after GC invocations=26 (full 3):
 PSYoungGen      total 297472K, used 15865K [0x00000000eab00000, 0x0000000100000000, 0x0000000100000000)
  eden space 281600K, 0% used [0x00000000eab00000,0x00000000eab00000,0x00000000fbe00000)
  from space 15872K, 99% used [0x00000000fbe00000,0x00000000fcd7e7d8,0x00000000fcd80000)
  to   space 22528K, 0% used [0x00000000fea00000,0x00000000fea00000,0x0000000100000000)
 ParOldGen       total 138752K, used 69324K [0x00000000c0000000, 0x00000000c8780000, 0x00000000eab00000)
  object space 138752K, 49% used [0x00000000c0000000,0x00000000c43b32c0,0x00000000c8780000)
 Metaspace       used 79798K, capacity 83480K, committed 83584K, reserved 1122304K
  class space    used 10519K, capacity 11385K, committed 11392K, reserved 1048576K
}
Event: 70,386 GC heap before
{Heap before GC invocations=27 (full 3):
 PSYoungGen      total 297472K, used 297465K [0x00000000eab00000, 0x0000000100000000, 0x0000000100000000)
  eden space 281600K, 100% used [0x00000000eab00000,0x00000000fbe00000,0x00000000fbe00000)
  from space 15872K, 99% used [0x00000000fbe00000,0x00000000fcd7e7d8,0x00000000fcd80000)
  to   space 22528K, 0% used [0x00000000fea00000,0x00000000fea00000,0x0000000100000000)
 ParOldGen       total 138752K, used 69324K [0x00000000c0000000, 0x00000000c8780000, 0x00000000eab00000)
  object space 138752K, 49% used [0x00000000c0000000,0x00000000c43b32c0,0x00000000c8780000)
 Metaspace       used 80357K, capacity 84222K, committed 84480K, reserved 1122304K
  class space    used 10592K, capacity 11468K, committed 11520K, reserved 1048576K
Event: 70,437 GC heap after
Heap after GC invocations=27 (full 3):
 PSYoungGen      total 302080K, used 22512K [0x00000000eab00000, 0x0000000100000000, 0x0000000100000000)
  eden space 279552K, 0% used [0x00000000eab00000,0x00000000eab00000,0x00000000fbc00000)
  from space 22528K, 99% used [0x00000000fea00000,0x00000000ffffc078,0x0000000100000000)
  to   space 34816K, 0% used [0x00000000fbc00000,0x00000000fbc00000,0x00000000fde00000)
 ParOldGen       total 138752K, used 93474K [0x00000000c0000000, 0x00000000c8780000, 0x00000000eab00000)
  object space 138752K, 67% used [0x00000000c0000000,0x00000000c5b48b30,0x00000000c8780000)
 Metaspace       used 80357K, capacity 84222K, committed 84480K, reserved 1122304K
  class space    used 10592K, capacity 11468K, committed 11520K, reserved 1048576K
}
Event: 78,863 GC heap before
{Heap before GC invocations=28 (full 3):
 PSYoungGen      total 302080K, used 301781K [0x00000000eab00000, 0x0000000100000000, 0x0000000100000000)
  eden space 279552K, 99% used [0x00000000eab00000,0x00000000fbbb9480,0x00000000fbc00000)
  from space 22528K, 99% used [0x00000000fea00000,0x00000000ffffc078,0x0000000100000000)
  to   space 34816K, 0% used [0x00000000fbc00000,0x00000000fbc00000,0x00000000fde00000)
 ParOldGen       total 138752K, used 93474K [0x00000000c0000000, 0x00000000c8780000, 0x00000000eab00000)
  object space 138752K, 67% used [0x00000000c0000000,0x00000000c5b48b30,0x00000000c8780000)
 Metaspace       used 80381K, capacity 84242K, committed 84480K, reserved 1122304K
  class space    used 10595K, capacity 11474K, committed 11520K, reserved 1048576K
Event: 79,575 GC heap after
Heap after GC invocations=28 (full 3):
 PSYoungGen      total 314368K, used 34796K [0x00000000eab00000, 0x0000000100000000, 0x0000000100000000)
  eden space 279552K, 0% used [0x00000000eab00000,0x00000000eab00000,0x00000000fbc00000)
  from space 34816K, 99% used [0x00000000fbc00000,0x00000000fddfb230,0x00000000fde00000)
  to   space 34816K, 0% used [0x00000000fde00000,0x00000000fde00000,0x0000000100000000)
 ParOldGen       total 151552K, used 150303K [0x00000000c0000000, 0x00000000c9400000, 0x00000000eab00000)
  object space 151552K, 99% used [0x00000000c0000000,0x00000000c92c7db8,0x00000000c9400000)
 Metaspace       used 80381K, capacity 84242K, committed 84480K, reserved 1122304K
  class space    used 10595K, capacity 11474K, committed 11520K, reserved 1048576K
}
Event: 79,623 GC heap before
{Heap before GC invocations=29 (full 4):
 PSYoungGen      total 314368K, used 34796K [0x00000000eab00000, 0x0000000100000000, 0x0000000100000000)
  eden space 279552K, 0% used [0x00000000eab00000,0x00000000eab00000,0x00000000fbc00000)
  from space 34816K, 99% used [0x00000000fbc00000,0x00000000fddfb230,0x00000000fde00000)
  to   space 34816K, 0% used [0x00000000fde00000,0x00000000fde00000,0x0000000100000000)
 ParOldGen       total 151552K, used 150303K [0x00000000c0000000, 0x00000000c9400000, 0x00000000eab00000)
  object space 151552K, 99% used [0x00000000c0000000,0x00000000c92c7db8,0x00000000c9400000)
 Metaspace       used 80381K, capacity 84242K, committed 84480K, reserved 1122304K
  class space    used 10595K, capacity 11474K, committed 11520K, reserved 1048576K

